[max-tysons-trendy-project.webflow.io/index.html]
[backblue.gif]
[fade.gif]
[index.html]
[uploads-ssl.webflow.com/5f265b390311fc930902d4f6/css/max-tysons-trendy-project.webflow.42809cc12.css]
[ajax.googleapis.com/ajax/libs/webfont/1.6.26/webfont.js]
[uploads-ssl.webflow.com/img/webclip.png]
[uploads-ssl.webflow.com/5f265b390311fc930902d4f6/5f27a27cccdebb657270e3a0_Max Inc Logo (1).png]
[uploads-ssl.webflow.com/5f265b390311fc930902d4f6/5f265b3a2027b923f0095123_menu-icon.png]
[uploads-ssl.webflow.com/5f265b390311fc930902d4f6/5f266b3d8a8b66a905d4941e_maxresdefault.jpg]
[uploads-ssl.webflow.com/5f265b390311fc930902d4f6/5f266ba62480e16fb9e725b7_b4836297-7a66-4b2e-bf9f-b90cb3ecbe12_newrobot_hat.png]
[d3e54v103j8qbb.cloudfront.net/js/jquery-3.4.1.min.220afd743d5dc7.js]
[max-tysons-trendy-project.webflow.io/index.html]
[uploads-ssl.webflow.com/5f265b390311fc930902d4f6/js/webflow.f3347ef4d.js]
[uploads-ssl.webflow.com/5f265b390311fc930902d4f6/5f27a5b39535998f1899f7ed_photovisi-download.jpg]
[d3e54v103j8qbb.cloudfront.net/img/example-bg.png]
[uploads-ssl.webflow.com/5f265b390311fc930902d4f6/css/max-tysons-trendy-project.webflow.42809cc12.css]
[max-tysons-trendy-project.webflow.io/about.html]
[max-tysons-trendy-project.webflow.io/projects.html]
[max-tysons-trendy-project.webflow.io/blog.html]
[max-tysons-trendy-project.webflow.io/contact.html]
[max-tysons-trendy-project.webflow.io/post/10-quick-tips-about-blogging.html]
[max-tysons-trendy-project.webflow.io/post/15-best-blogs-to-follow-about-web-design.html]
[max-tysons-trendy-project.webflow.io/post/7-of-the-best-examples-of-beautiful-blog-design.html]
